[INFO    :   django.utils.autoreload] - 2024-01-14 14:44:08,825 : run_with_reloader @0677: Watching for file changes with StatReloader
[INFO    :             django.server] - 2024-01-14 14:44:14,200 : log_message @0187: "GET / HTTP/1.1" 200 69001
[INFO    :             django.server] - 2024-01-14 14:44:15,798 : log_message @0187: "GET /static/css/style.css HTTP/1.1" 200 2419
[INFO    :             django.server] - 2024-01-14 14:44:15,802 : log_message @0187: "GET /media/products_images/Apple_iPhone_14_Pro_1_TB_AztONKy_9hFVf48.jpg HTTP/1.1" 200 109410
[INFO    :             django.server] - 2024-01-14 14:44:15,822 : log_message @0187: "GET /static/js/scripts.js HTTP/1.1" 200 4629
[INFO    :             django.server] - 2024-01-14 14:44:15,823 : log_message @0187: "GET /media/products_images/Apple_iPhone_13_512_GB_p1k20en_d0TGGrD.jpg HTTP/1.1" 200 157340
[INFO    :             django.server] - 2024-01-14 14:44:15,826 : log_message @0187: "GET /media/products_images/Apple_MacBook_Air_13.6_A2681_M2_8_core_16Gb_SSD512Gb_FNynNMV.jpg HTTP/1.1" 200 48172
[INFO    :             django.server] - 2024-01-14 14:44:15,831 : log_message @0187: "GET /media/products_images/14.2_Apple_MacBook_Pro_14_2023_gl6CeDi.jpg HTTP/1.1" 200 34258
[INFO    :             django.server] - 2024-01-14 14:44:15,837 : log_message @0187: "GET /static/img/final.jpg HTTP/1.1" 200 2254388
[INFO    :             django.server] - 2024-01-14 14:45:02,873 : log_message @0187: "GET / HTTP/1.1" 200 69001
[INFO    :             django.server] - 2024-01-14 14:45:57,212 : log_message @0187: "GET /deliveryandpayment HTTP/1.1" 200 66801
[INFO    :             django.server] - 2024-01-14 14:46:24,393 : log_message @0187: "GET /phone HTTP/1.1" 200 74170
[INFO    :             django.server] - 2024-01-14 14:46:24,438 : log_message @0187: "GET /media/products_images/Apple_iPhone_14_Pro_256_GB_paPwT3B_8CMdVGC.jpg HTTP/1.1" 200 109410
[INFO    :             django.server] - 2024-01-14 14:46:24,441 : log_message @0187: "GET /media/products_images/Apple_iPhone_14_Pro_512_GB_RF4lToO_7RcI1Zl.jpg HTTP/1.1" 200 109410
[INFO    :             django.server] - 2024-01-14 14:46:24,453 : log_message @0187: "GET /media/products_images/Apple_iPhone_13_256_GB_aUfXP27.jpg HTTP/1.1" 200 157340
[INFO    :             django.server] - 2024-01-14 14:46:24,454 : log_message @0187: "GET /media/products_images/Apple_iPhone_13_128_GB_mLtnsej.jpg HTTP/1.1" 200 157340
[INFO    :             django.server] - 2024-01-14 14:46:24,455 : log_message @0187: "GET /media/products_images/Apple_iPhone_11_128_GB_fUYawLH_wTiBtsB.jpg HTTP/1.1" 200 230786
[INFO    :             django.server] - 2024-01-14 14:46:24,457 : log_message @0187: "GET /media/products_images/Apple_iPhone_11_256_GB_HiU9wGK_BdrBc4L.jpg HTTP/1.1" 200 230786
[INFO    :             django.server] - 2024-01-14 14:46:24,458 : log_message @0187: "GET /media/products_images/Apple_iPhone_12_Mini_128_GB_q9PQ5QT_oJwDaP1.jpg HTTP/1.1" 200 168630
[INFO    :             django.server] - 2024-01-14 14:46:24,462 : log_message @0187: "GET /media/products_images/Apple_iPhone_12_Mini_256_GB_nB7aftA_D3lUlhh.jpg HTTP/1.1" 200 168630
[INFO    :             django.server] - 2024-01-14 14:46:36,313 : log_message @0187: "GET / HTTP/1.1" 200 69001
[INFO    :             django.server] - 2024-01-14 14:46:43,043 : log_message @0187: "GET /phone HTTP/1.1" 200 74170
[INFO    :             django.server] - 2024-01-14 14:47:04,370 : log_message @0187: "GET /product/1/ HTTP/1.1" 200 72389
[INFO    :             django.server] - 2024-01-14 14:47:04,401 : log_message @0187: "GET /media/products_images/Apple_iPhone_14_Pro_BACK_lcT7FOO.jpg HTTP/1.1" 200 23008
[INFO    :             django.server] - 2024-01-14 14:47:04,402 : log_message @0187: "GET /media/products_images/Apple_iPhone_14_Pro_FRONT_gbMoEiK.jpg HTTP/1.1" 200 60272
[INFO    :             django.server] - 2024-01-14 14:47:22,862 : log_message @0187: "GET / HTTP/1.1" 200 69001
[INFO    :   django.utils.autoreload] - 2024-01-14 14:54:00,243 : run_with_reloader @0677: Watching for file changes with StatReloader
[INFO    :             django.server] - 2024-01-14 14:54:39,551 : log_message @0187: "GET / HTTP/1.1" 200 69001
[INFO    :             django.server] - 2024-01-14 14:54:45,635 : log_message @0187: "GET / HTTP/1.1" 200 69001
[INFO    :             django.server] - 2024-01-14 14:54:50,358 : log_message @0187: "GET /deliveryandpayment HTTP/1.1" 200 66801
[INFO    :             django.server] - 2024-01-14 14:54:54,636 : log_message @0187: "GET /contacts HTTP/1.1" 200 65037
[INFO    :             django.server] - 2024-01-14 14:55:22,673 : log_message @0187: "GET / HTTP/1.1" 200 69001
[INFO    :             django.server] - 2024-01-14 14:55:25,674 : log_message @0187: "GET / HTTP/1.1" 200 69001
[INFO    :             django.server] - 2024-01-14 14:55:29,117 : log_message @0187: "GET /phone HTTP/1.1" 200 74170
[INFO    :             django.server] - 2024-01-14 14:55:31,054 : log_message @0187: "GET /product/1/ HTTP/1.1" 200 72389
[INFO    :             django.server] - 2024-01-14 14:55:41,987 : log_message @0187: "GET /checkout HTTP/1.1" 301 0
[INFO    :             django.server] - 2024-01-14 14:55:42,006 : log_message @0187: "GET /checkout/ HTTP/1.1" 200 64588
[INFO    :             django.server] - 2024-01-14 14:55:52,057 : log_message @0187: "GET / HTTP/1.1" 200 69001
[INFO    :             django.server] - 2024-01-14 14:56:04,189 : log_message @0187: "GET / HTTP/1.1" 200 69001
